<?xml version="1.0" encoding="UTF-8"?>
<!-- Generated by org.testng.reporters.JUnitReportReporter -->
<testsuite skipped="0" hostname="GAJENDRA-LAPTOP" name="TestingAnnotation.TestAll" tests="2" failures="0" timestamp="2023-04-18T21:53:45 IST" time="0.016" errors="0">
  <testcase name="t5" time="0.003" classname="TestingAnnotation.TestAll"/>
  <testcase name="t5" time="0.013" classname="TestingAnnotation.TestAll"/>
</testsuite> <!-- TestingAnnotation.TestAll -->
