<?xml version="1.0" encoding="UTF-8"?>
<!-- Generated by org.testng.reporters.JUnitReportReporter -->
<testsuite skipped="0" hostname="GAJENDRA-LAPTOP" name="SeleniumPractice.BrokenLink5" tests="1" failures="0" timestamp="2023-04-01T18:14:25 IST" time="28.723" errors="0">
  <testcase name="verifyBrokenLink" time="28.723" classname="SeleniumPractice.BrokenLink5"/>
</testsuite> <!-- SeleniumPractice.BrokenLink5 -->
