<?xml version="1.0" encoding="UTF-8"?>
<!-- Generated by org.testng.reporters.JUnitReportReporter -->
<testsuite skipped="0" hostname="GAJENDRA-LAPTOP" name="TestingAnnotation.DependsOnGroup" tests="2" failures="0" timestamp="2023-04-11T08:17:39 IST" time="0.015" errors="0">
  <testcase name="test2" time="0.002" classname="TestingAnnotation.DependsOnGroup"/>
  <testcase name="test1" time="0.013" classname="TestingAnnotation.DependsOnGroup"/>
</testsuite> <!-- TestingAnnotation.DependsOnGroup -->
