<?xml version="1.0" encoding="UTF-8"?>
<!-- Generated by org.testng.reporters.JUnitReportReporter -->
<testsuite skipped="0" hostname="GAJENDRA-LAPTOP" name="SeleniumPractice.BrokenLinks" tests="1" failures="0" timestamp="2023-02-23T09:15:56 IST" time="40.796" errors="0">
  <testcase name="linkedBroken" time="40.796" classname="SeleniumPractice.BrokenLinks"/>
</testsuite> <!-- SeleniumPractice.BrokenLinks -->
