<?xml version="1.0" encoding="UTF-8"?>
<!-- Generated by org.testng.reporters.JUnitReportReporter -->
<testsuite skipped="0" hostname="GAJENDRA-LAPTOP" name="SeleniumPractice.BrokenLink4" tests="1" failures="0" timestamp="2023-03-18T13:29:51 IST" time="57.706" errors="0">
  <testcase name="verifyBrokenLink" time="57.706" classname="SeleniumPractice.BrokenLink4"/>
</testsuite> <!-- SeleniumPractice.BrokenLink4 -->
