<?xml version="1.0" encoding="UTF-8"?>
<!-- Generated by org.testng.reporters.JUnitReportReporter -->
<testsuite skipped="0" hostname="GAJENDRA-LAPTOP" name="TestingAnnotation.CrossBrowserTest" tests="2" failures="0" timestamp="2023-04-11T09:35:25 IST" time="0.024" errors="0">
  <testcase name="test" time="0.002" classname="TestingAnnotation.CrossBrowserTest"/>
  <testcase name="test" time="0.022" classname="TestingAnnotation.CrossBrowserTest"/>
</testsuite> <!-- TestingAnnotation.CrossBrowserTest -->
