<?xml version="1.0" encoding="UTF-8"?>
<!-- Generated by org.testng.reporters.JUnitReportReporter -->
<testsuite skipped="1" hostname="GAJENDRA-LAPTOP" name="TestingAnnotation.Test1" tests="2" failures="0" timestamp="2023-04-10T22:52:49 IST" time="0.016" errors="0">
  <testcase name="test3" time="0.016" classname="TestingAnnotation.Test1"/>
  <testcase name="test1" classname="TestingAnnotation.Test1">
    <skipped/>
  </testcase> <!-- test1 -->
</testsuite> <!-- TestingAnnotation.Test1 -->
