<?xml version="1.0" encoding="UTF-8"?>
<!-- Generated by org.testng.reporters.JUnitReportReporter -->
<testsuite skipped="0" hostname="GAJENDRA-LAPTOP" name="TestingAnnotation.TestNg1" tests="1" failures="0" timestamp="2023-04-10T23:05:45 IST" time="0.012" errors="0">
  <testcase name="testMethod" time="0.012" classname="TestingAnnotation.TestNg1"/>
</testsuite> <!-- TestingAnnotation.TestNg1 -->
