<?xml version="1.0" encoding="UTF-8"?>
<!-- Generated by org.testng.reporters.JUnitReportReporter -->
<testsuite skipped="0" hostname="GAJENDRA-LAPTOP" name="Practice03042023.BrokenLink" tests="1" failures="0" timestamp="2023-04-03T23:44:20 IST" time="41.947" errors="0">
  <testcase name="verify_Brokenlink" time="41.947" classname="Practice03042023.BrokenLink"/>
</testsuite> <!-- Practice03042023.BrokenLink -->
