<?xml version="1.0" encoding="UTF-8"?>
<!-- Generated by org.testng.reporters.JUnitReportReporter -->
<testsuite skipped="0" hostname="GAJENDRA-LAPTOP" name="TestingAnnotation.TestAll1" tests="1" failures="0" timestamp="2023-07-18T08:53:06 IST" time="0.010" errors="0">
  <testcase name="m5" time="0.010" classname="TestingAnnotation.TestAll1"/>
</testsuite> <!-- TestingAnnotation.TestAll1 -->
