<?xml version="1.0" encoding="UTF-8"?>
<!-- Generated by org.testng.reporters.JUnitReportReporter -->
<testsuite skipped="0" hostname="GAJENDRA-LAPTOP" name="TestingAnnotation.CrossBrowserTest1" tests="2" failures="0" timestamp="2023-04-18T22:05:40 IST" time="15.935" errors="0">
  <testcase name="crossBrow" time="8.564" classname="TestingAnnotation.CrossBrowserTest1"/>
  <testcase name="crossBrow" time="7.371" classname="TestingAnnotation.CrossBrowserTest1"/>
</testsuite> <!-- TestingAnnotation.CrossBrowserTest1 -->
