<?xml version="1.0" encoding="UTF-8"?>
<!-- Generated by org.testng.reporters.JUnitReportReporter -->
<testsuite skipped="0" hostname="GAJENDRA-LAPTOP" name="ReadExcel.AppRead5" tests="1" failures="0" timestamp="2023-03-18T18:17:00 IST" time="1.130" errors="0">
  <testcase name="testDataValidation" time="1.130" classname="ReadExcel.AppRead5"/>
</testsuite> <!-- ReadExcel.AppRead5 -->
