<?xml version="1.0" encoding="UTF-8"?>
<!-- Generated by org.testng.reporters.JUnitReportReporter -->
<testsuite skipped="0" hostname="GAJENDRA-LAPTOP" name="SeleniumPractice.Test1" tests="4" failures="0" timestamp="2023-04-10T10:14:04 IST" time="0.029" errors="0">
  <testcase name="test1" time="0.005" classname="SeleniumPractice.Test1"/>
  <testcase name="test2" time="0.004" classname="SeleniumPractice.Test1"/>
  <testcase name="test3" time="0.004" classname="SeleniumPractice.Test1"/>
  <testcase name="test" time="0.016" classname="SeleniumPractice.Test1"/>
</testsuite> <!-- SeleniumPractice.Test1 -->
