<?xml version="1.0" encoding="UTF-8"?>
<!-- Generated by org.testng.reporters.JUnitReportReporter -->
<testsuite skipped="0" hostname="GAJENDRA-LAPTOP" name="SeleniumPractice.BrokenLink3" tests="1" failures="0" timestamp="2023-03-18T13:20:24 IST" time="48.415" errors="0">
  <testcase name="linkVerify" time="48.415" classname="SeleniumPractice.BrokenLink3"/>
</testsuite> <!-- SeleniumPractice.BrokenLink3 -->
