<?xml version="1.0" encoding="UTF-8"?>
<!-- Generated by org.testng.reporters.JUnitReportReporter -->
<testsuite skipped="0" hostname="GAJENDRA-LAPTOP" name="ReadExcel.AppRead7" tests="1" failures="0" timestamp="2023-03-21T09:03:19 IST" time="0.987" errors="0">
  <testcase name="Validate_Data" time="0.987" classname="ReadExcel.AppRead7"/>
</testsuite> <!-- ReadExcel.AppRead7 -->
