<?xml version="1.0" encoding="UTF-8"?>
<!-- Generated by org.testng.reporters.JUnitReportReporter -->
<testsuite hostname="GAJENDRA-LAPTOP" failures="0" tests="1" name="SecondProgram" time="9.729" errors="0" timestamp="2022-07-21T23:21:47 IST" skipped="0">
  <testcase classname="SecondProgram" name="m2" time="9.729"/>
</testsuite> <!-- SecondProgram -->
