<?xml version="1.0" encoding="UTF-8"?>
<!-- Generated by org.testng.reporters.JUnitReportReporter -->
<testsuite hostname="GAJENDRA-LAPTOP" failures="0" tests="1" name="Thirdprogram" time="44.970" errors="0" timestamp="2022-07-21T23:56:14 IST" skipped="0">
  <testcase classname="Thirdprogram" name="m3" time="44.970"/>
</testsuite> <!-- Thirdprogram -->
