<?xml version="1.0" encoding="UTF-8"?>
<!-- Generated by org.testng.reporters.JUnitReportReporter -->
<testsuite hostname="GAJENDRA-LAPTOP" failures="0" tests="1" name="AanchalPractise.Program1" time="13.615" errors="0" timestamp="2022-07-26T01:02:56 IST" skipped="0">
  <testcase classname="AanchalPractise.Program1" name="M4" time="13.615"/>
</testsuite> <!-- AanchalPractise.Program1 -->
