<?xml version="1.0" encoding="UTF-8"?>
<!-- Generated by org.testng.reporters.JUnitReportReporter -->
<testsuite hostname="GAJENDRA-LAPTOP" failures="0" tests="1" name="progromselect" time="20.942" errors="0" timestamp="2022-07-29T23:18:06 IST" skipped="0">
  <testcase classname="progromselect" name="dropDownSelection" time="20.942"/>
</testsuite> <!-- progromselect -->
