<?xml version="1.0" encoding="UTF-8"?>
<!-- Generated by org.testng.reporters.JUnitReportReporter -->
<testsuite skipped="0" hostname="GAJENDRA-LAPTOP" name="SeleniumPractice.DataRead" tests="13" failures="0" timestamp="2023-04-10T09:41:47 IST" time="0.040" errors="0">
  <testcase name="setMultipleData" time="0.010" classname="SeleniumPractice.DataRead"/>
  <testcase name="setMultipleData" time="0.001" classname="SeleniumPractice.DataRead"/>
  <testcase name="setMultipleData" time="0.002" classname="SeleniumPractice.DataRead"/>
  <testcase name="setMultipleData" time="0.001" classname="SeleniumPractice.DataRead"/>
  <testcase name="setMultipleData" time="0.002" classname="SeleniumPractice.DataRead"/>
  <testcase name="setMultipleData" time="0.002" classname="SeleniumPractice.DataRead"/>
  <testcase name="setData" time="0.002" classname="SeleniumPractice.DataRead"/>
  <testcase name="setData1" time="0.001" classname="SeleniumPractice.DataRead"/>
  <testcase name="setData2" time="0.001" classname="SeleniumPractice.DataRead"/>
  <testcase name="setData2" time="0.002" classname="SeleniumPractice.DataRead"/>
  <testcase name="setData2" time="0.002" classname="SeleniumPractice.DataRead"/>
  <testcase name="setData2" time="0.012" classname="SeleniumPractice.DataRead"/>
  <testcase name="setData2" time="0.002" classname="SeleniumPractice.DataRead"/>
</testsuite> <!-- SeleniumPractice.DataRead -->
