<?xml version="1.0" encoding="UTF-8"?>
<!-- Generated by org.testng.reporters.JUnitReportReporter -->
<testsuite skipped="0" hostname="GAJENDRA-LAPTOP" name="TestingAnnotation.Test2" tests="2" failures="0" timestamp="2023-04-10T22:52:49 IST" time="0.006" errors="0">
  <testcase name="test3" time="0.003" classname="TestingAnnotation.Test2"/>
  <testcase name="test2" time="0.003" classname="TestingAnnotation.Test2"/>
</testsuite> <!-- TestingAnnotation.Test2 -->
