<?xml version="1.0" encoding="UTF-8"?>
<!-- Generated by org.testng.reporters.JUnitReportReporter -->
<testsuite skipped="0" hostname="GAJENDRA-LAPTOP" name="SeleniumPractice.BrokenLinks6" tests="1" failures="0" timestamp="2023-03-28T23:08:00 IST" time="51.498" errors="0">
  <testcase name="verifyBrokenLink" time="51.498" classname="SeleniumPractice.BrokenLinks6"/>
</testsuite> <!-- SeleniumPractice.BrokenLinks6 -->
