<?xml version="1.0" encoding="UTF-8"?>
<!-- Generated by org.testng.reporters.JUnitReportReporter -->
<testsuite skipped="0" hostname="GAJENDRA-LAPTOP" name="SeleniumPractice.AppScreen" tests="1" failures="0" timestamp="2023-10-16T19:45:56 IST" time="11.494" errors="0">
  <testcase name="appUser" time="11.494" classname="SeleniumPractice.AppScreen"/>
</testsuite> <!-- SeleniumPractice.AppScreen -->
