<?xml version="1.0" encoding="UTF-8"?>
<!-- Generated by org.testng.reporters.JUnitReportReporter -->
<testsuite skipped="0" hostname="GAJENDRA-LAPTOP" name="SeleniumPractice.BrokenLink7" tests="1" failures="0" timestamp="2023-04-01T18:17:20 IST" time="30.440" errors="0">
  <testcase name="verifyBrokenLink" time="30.440" classname="SeleniumPractice.BrokenLink7"/>
</testsuite> <!-- SeleniumPractice.BrokenLink7 -->
