<?xml version="1.0" encoding="UTF-8"?>
<!-- Generated by org.testng.reporters.JUnitReportReporter -->
<testsuite skipped="0" hostname="GAJENDRA-LAPTOP" name="SeleniumPractice.Launch" tests="1" failures="0" timestamp="2023-02-23T09:01:54 IST" time="9.189" errors="0">
  <testcase name="launchApp" time="9.189" classname="SeleniumPractice.Launch"/>
</testsuite> <!-- SeleniumPractice.Launch -->
