<?xml version="1.0" encoding="UTF-8"?>
<!-- Generated by org.testng.reporters.JUnitReportReporter -->
<testsuite skipped="0" hostname="GAJENDRA-LAPTOP" name="SeleniumPractice.Test2" tests="4" failures="0" timestamp="2023-04-10T10:14:04 IST" time="0.008" errors="0">
  <testcase name="test3" time="0.001" classname="SeleniumPractice.Test2"/>
  <testcase name="test2" time="0.001" classname="SeleniumPractice.Test2"/>
  <testcase name="test1" time="0.003" classname="SeleniumPractice.Test2"/>
  <testcase name="test" time="0.003" classname="SeleniumPractice.Test2"/>
</testsuite> <!-- SeleniumPractice.Test2 -->
