<?xml version="1.0" encoding="UTF-8"?>
<!-- Generated by org.testng.reporters.JUnitReportReporter -->
<testsuite skipped="0" hostname="GAJENDRA-LAPTOP" name="ReadExcel.AppRead11" tests="1" failures="0" timestamp="2023-04-18T21:46:40 IST" time="224.664" errors="0">
  <testcase name="printData" time="224.664" classname="ReadExcel.AppRead11"/>
</testsuite> <!-- ReadExcel.AppRead11 -->
