<?xml version="1.0" encoding="UTF-8"?>
<!-- Generated by org.testng.reporters.JUnitReportReporter -->
<testsuite skipped="0" hostname="GAJENDRA-LAPTOP" name="SeleniumPractice.BrokenLinks5" tests="1" failures="0" timestamp="2023-03-21T09:50:40 IST" time="27.007" errors="0">
  <testcase name="verify_BrokenLink" time="27.007" classname="SeleniumPractice.BrokenLinks5"/>
</testsuite> <!-- SeleniumPractice.BrokenLinks5 -->
