<?xml version="1.0" encoding="UTF-8"?>
<!-- Generated by org.testng.reporters.JUnitReportReporter -->
<testsuite skipped="0" hostname="GAJENDRA-LAPTOP" name="TestingAnnotation.GroupTest" tests="3" failures="0" timestamp="2023-04-11T08:16:54 IST" time="0.006" errors="0">
  <testcase name="groupTest2" time="0.001" classname="TestingAnnotation.GroupTest"/>
  <testcase name="groupTest1" time="0.002" classname="TestingAnnotation.GroupTest"/>
  <testcase name="groupTest3" time="0.003" classname="TestingAnnotation.GroupTest"/>
</testsuite> <!-- TestingAnnotation.GroupTest -->
