<?xml version="1.0" encoding="UTF-8"?>
<!-- Generated by org.testng.reporters.JUnitReportReporter -->
<testsuite skipped="0" hostname="GAJENDRA-LAPTOP" name="ReadExcel.AppRead6" tests="1" failures="0" timestamp="2023-03-18T18:13:58 IST" time="0.964" errors="0">
  <testcase name="dataValue" time="0.964" classname="ReadExcel.AppRead6"/>
</testsuite> <!-- ReadExcel.AppRead6 -->
