<?xml version="1.0" encoding="UTF-8"?>
<!-- Generated by org.testng.reporters.JUnitReportReporter -->
<testsuite skipped="0" hostname="GAJENDRA-LAPTOP" name="SeleniumPractice.BrokenLink8" tests="1" failures="0" timestamp="2023-04-18T19:34:29 IST" time="44.559" errors="0">
  <testcase name="verify_link" time="44.559" classname="SeleniumPractice.BrokenLink8"/>
</testsuite> <!-- SeleniumPractice.BrokenLink8 -->
