<?xml version="1.0" encoding="UTF-8"?>
<!-- Generated by org.testng.reporters.JUnitReportReporter -->
<testsuite skipped="0" hostname="GAJENDRA-LAPTOP" name="SeleniumPractice.DataRead1" tests="1" failures="0" timestamp="2023-04-11T10:08:37 IST" time="23.576" errors="0">
  <testcase name="testDataValue" time="23.576" classname="SeleniumPractice.DataRead1"/>
</testsuite> <!-- SeleniumPractice.DataRead1 -->
