<?xml version="1.0" encoding="UTF-8"?>
<!-- Generated by org.testng.reporters.JUnitReportReporter -->
<testsuite skipped="0" hostname="GAJENDRA-LAPTOP" name="PracticeExample04042023.BrokenLink" tests="1" failures="0" timestamp="2023-04-04T21:56:42 IST" time="35.796" errors="0">
  <testcase name="verify_Link" time="35.796" classname="PracticeExample04042023.BrokenLink"/>
</testsuite> <!-- PracticeExample04042023.BrokenLink -->
