<?xml version="1.0" encoding="UTF-8"?>
<!-- Generated by org.testng.reporters.JUnitReportReporter -->
<testsuite skipped="0" hostname="GAJENDRA-LAPTOP" name="TestingAnnotation.GroupTest1" tests="1" failures="0" timestamp="2023-04-18T22:23:03 IST" time="0.024" errors="0">
  <testcase name="group1" time="0.024" classname="TestingAnnotation.GroupTest1"/>
</testsuite> <!-- TestingAnnotation.GroupTest1 -->
