<?xml version="1.0" encoding="UTF-8"?>
<!-- Generated by org.testng.reporters.JUnitReportReporter -->
<testsuite hostname="GAJENDRA-LAPTOP" failures="0" tests="1" name="FirstProgram" time="46.776" errors="0" timestamp="2022-07-24T23:44:47 IST" skipped="0">
  <testcase classname="FirstProgram" name="m1" time="46.776"/>
</testsuite> <!-- FirstProgram -->
