<?xml version="1.0" encoding="UTF-8"?>
<!-- Generated by org.testng.reporters.JUnitReportReporter -->
<testsuite skipped="0" hostname="GAJENDRA-LAPTOP" name="SeleniumPractice.BrokenLink2" tests="1" failures="0" timestamp="2023-03-18T13:04:49 IST" time="26.510" errors="0">
  <testcase name="brokenLink" time="26.510" classname="SeleniumPractice.BrokenLink2"/>
</testsuite> <!-- SeleniumPractice.BrokenLink2 -->
