<?xml version="1.0" encoding="UTF-8"?>
<!-- Generated by org.testng.reporters.JUnitReportReporter -->
<testsuite skipped="0" hostname="GAJENDRA-LAPTOP" name="TestingAnnotation.Test3" tests="3" failures="0" timestamp="2023-04-10T22:52:49 IST" time="0.010" errors="0">
  <testcase name="test3" time="0.003" classname="TestingAnnotation.Test3"/>
  <testcase name="test2" time="0.005" classname="TestingAnnotation.Test3"/>
  <testcase name="test4" time="0.002" classname="TestingAnnotation.Test3"/>
</testsuite> <!-- TestingAnnotation.Test3 -->
