<?xml version="1.0" encoding="UTF-8"?>
<!-- Generated by org.testng.reporters.JUnitReportReporter -->
<testsuite skipped="0" hostname="GAJENDRA-LAPTOP" name="testrunner.TestRunner" tests="2" failures="0" timestamp="2023-04-25T08:17:31 IST" time="0.220" errors="0">
  <testcase name="runScenario" time="0.200" classname="testrunner.TestRunner"/>
  <testcase name="runScenario" time="0.020" classname="testrunner.TestRunner"/>
</testsuite> <!-- testrunner.TestRunner -->
